<?xml version="1.0" encoding="UTF-8"?>
<!-- Generated by org.testng.reporters.JUnitReportReporter -->
<testsuite hostname="DESKTOP-V2EHNB8" failures="0" tests="8" name="testNG.Groups" time="0.021" errors="0" timestamp="2021-08-13T11:02:31 IST" skipped="0">
  <testcase classname="testNG.Groups" name="TC05" time="0.003"/>
  <system-out>
    <![CDATA[hi5]]>
  </system-out>
  <testcase classname="testNG.Groups" name="TC01" time="0.009"/>
  <system-out>
    <![CDATA[hi1]]>
  </system-out>
  <testcase classname="testNG.Groups" name="TC03" time="0.002"/>
  <system-out>
    <![CDATA[hi3]]>
  </system-out>
  <testcase classname="testNG.Groups" name="TC04" time="0.001"/>
  <system-out>
    <![CDATA[hi4]]>
  </system-out>
  <testcase classname="testNG.Groups" name="TC07" time="0.002"/>
  <system-out>
    <![CDATA[hi7]]>
  </system-out>
  <testcase classname="testNG.Groups" name="TC08" time="0.001"/>
  <system-out>
    <![CDATA[hi8]]>
  </system-out>
  <testcase classname="testNG.Groups" name="TC02" time="0.002"/>
  <system-out>
    <![CDATA[hi2]]>
  </system-out>
  <testcase classname="testNG.Groups" name="TC06" time="0.001"/>
  <system-out>
    <![CDATA[hi6]]>
  </system-out>
</testsuite> <!-- testNG.Groups -->
