<?xml version="1.0" encoding="UTF-8"?>
<!-- Generated by org.testng.reporters.JUnitReportReporter -->
<testsuite hostname="DESKTOP-V2EHNB8" failures="0" tests="1" name="testNG.GjavaSerachEnd" time="17.480" errors="0" timestamp="2021-08-12T11:48:35 IST" skipped="0">
  <testcase classname="testNG.GjavaSerachEnd" name="tc1" time="17.480"/>
  <system-out/>
</testsuite> <!-- testNG.GjavaSerachEnd -->
