<?xml version="1.0" encoding="UTF-8"?>
<!-- Generated by org.testng.reporters.JUnitReportReporter -->
<testsuite hostname="DESKTOP-V2EHNB8" failures="0" tests="2" name="testNG.AfterBefore1" time="29.393" errors="0" timestamp="2021-08-18T12:42:24 IST" skipped="0">
  <testcase classname="testNG.AfterBefore1" name="tc2" time="13.532"/>
  <system-out>
    <![CDATA[hello2]]>
  </system-out>
  <testcase classname="testNG.AfterBefore1" name="tc1" time="15.861"/>
  <system-out>
    <![CDATA[hello1]]>
  </system-out>
</testsuite> <!-- testNG.AfterBefore1 -->
