<?xml version="1.0" encoding="UTF-8"?>
<!-- Generated by org.testng.reporters.JUnitReportReporter -->
<testsuite hostname="DESKTOP-V2EHNB8" failures="0" tests="5" name="testNG.ActiExcel2" time="17.280" errors="0" timestamp="2021-08-18T19:47:54 IST" skipped="0">
  <testcase classname="testNG.ActiExcel2" name="tc" time="0.002"/>
  <system-out>
    <![CDATA[admin2   manager2]]>
  </system-out>
  <testcase classname="testNG.ActiExcel2" name="tc" time="0.002"/>
  <system-out>
    <![CDATA[admin3   manager3]]>
  </system-out>
  <testcase classname="testNG.ActiExcel2" name="tc" time="0.008"/>
  <system-out>
    <![CDATA[admin1   manager1]]>
  </system-out>
  <testcase classname="testNG.ActiExcel2" name="tc" time="0.003"/>
  <system-out>
    <![CDATA[admin   manager]]>
  </system-out>
  <testcase classname="testNG.ActiExcel2" name="tc1" time="17.265"/>
  <system-out/>
</testsuite> <!-- testNG.ActiExcel2 -->
