<?xml version="1.0" encoding="UTF-8"?>
<!-- Generated by org.testng.reporters.JUnitReportReporter -->
<testsuite hostname="DESKTOP-V2EHNB8" failures="0" tests="2" name="testNG.GoogleSearch1" time="44.040" errors="0" timestamp="2021-08-18T12:39:12 IST" skipped="0">
  <testcase classname="testNG.GoogleSearch1" name="tc1" time="26.806"/>
  <system-out>
    <![CDATA[hello1]]>
  </system-out>
  <testcase classname="testNG.GoogleSearch1" name="tc2" time="17.234"/>
  <system-out>
    <![CDATA[hello2]]>
  </system-out>
</testsuite> <!-- testNG.GoogleSearch1 -->
