<?xml version="1.0" encoding="UTF-8"?>
<!-- Generated by org.testng.reporters.JUnitReportReporter -->
<testsuite hostname="DESKTOP-V2EHNB8" failures="0" tests="1" name="testNG.GooglejavaSearch" time="60.725" errors="0" timestamp="2021-08-18T19:59:02 IST" skipped="0">
  <testcase classname="testNG.GooglejavaSearch" name="tc1" time="60.725"/>
  <system-out/>
</testsuite> <!-- testNG.GooglejavaSearch -->
