<?xml version="1.0" encoding="UTF-8"?>
<!-- Generated by org.testng.reporters.JUnitReportReporter -->
<testsuite hostname="DESKTOP-V2EHNB8" failures="0" tests="4" name="testNG.TestCount1" time="0.018" errors="0" timestamp="2021-08-13T10:40:36 IST" skipped="1">
  <testcase classname="testNG.TestCount1" name="TC03" time="0.009"/>
  <system-out>
    <![CDATA[hiii3]]>
  </system-out>
  <testcase classname="testNG.TestCount1" name="TC02" time="0.001"/>
  <system-out>
    <![CDATA[hiii2]]>
  </system-out>
  <testcase classname="testNG.TestCount1" name="TC01" time="0.008"/>
  <system-out>
    <![CDATA[hiii1]]>
  </system-out>
  <testcase classname="testNG.TestCount1" name="TC04">
    <skipped/>
  </testcase> <!-- TC04 -->
  <system-out/>
</testsuite> <!-- testNG.TestCount1 -->
