<?xml version="1.0" encoding="UTF-8"?>
<!-- Generated by org.testng.reporters.JUnitReportReporter -->
<testsuite hostname="DESKTOP-V2EHNB8" failures="0" tests="1" name="testNG.Bluestone12_8" time="14.001" errors="0" timestamp="2021-08-12T11:08:17 IST" skipped="0">
  <testcase classname="testNG.Bluestone12_8" name="tc1" time="14.001"/>
  <system-out/>
</testsuite> <!-- testNG.Bluestone12_8 -->
