<?xml version="1.0" encoding="UTF-8"?>
<!-- Generated by org.testng.reporters.JUnitReportReporter -->
<testsuite hostname="DESKTOP-V2EHNB8" failures="0" tests="2" name="testNG.Demo1" time="0.018" errors="0" timestamp="2021-08-12T09:39:22 IST" skipped="0">
  <testcase classname="testNG.Demo1" name="tc2" time="0.004"/>
  <system-out>
    <![CDATA[hello2]]>
  </system-out>
  <testcase classname="testNG.Demo1" name="tc1" time="0.014"/>
  <system-out>
    <![CDATA[hello1]]>
  </system-out>
</testsuite> <!-- testNG.Demo1 -->
