<?xml version="1.0" encoding="UTF-8"?>
<!-- Generated by org.testng.reporters.JUnitReportReporter -->
<testsuite hostname="DESKTOP-V2EHNB8" failures="0" tests="2" name="testNG.CrossBrowser" time="41.584" errors="0" timestamp="2021-08-16T11:06:13 IST" skipped="0">
  <testcase classname="testNG.CrossBrowser" name="tc_01" time="24.710"/>
  <system-out/>
  <testcase classname="testNG.CrossBrowser" name="tc_01" time="16.874"/>
  <system-out/>
</testsuite> <!-- testNG.CrossBrowser -->
