<?xml version="1.0" encoding="UTF-8"?>
<!-- Generated by org.testng.reporters.JUnitReportReporter -->
<testsuite hostname="DESKTOP-V2EHNB8" failures="0" tests="3" name="testNG.DependMethod" time="0.013" errors="0" timestamp="2021-08-13T11:15:21 IST" skipped="0">
  <testcase classname="testNG.DependMethod" name="logout" time="0.002"/>
  <system-out>
    <![CDATA[Hello3]]>
  </system-out>
  <testcase classname="testNG.DependMethod" name="login" time="0.009"/>
  <system-out>
    <![CDATA[Hello1]]>
  </system-out>
  <testcase classname="testNG.DependMethod" name="chat" time="0.002"/>
  <system-out>
    <![CDATA[Hello2]]>
  </system-out>
</testsuite> <!-- testNG.DependMethod -->
