<?xml version="1.0" encoding="UTF-8"?>
<!-- Generated by org.testng.reporters.JUnitReportReporter -->
<testsuite hostname="DESKTOP-V2EHNB8" failures="0" tests="1" name="testNG.ParaClass2" time="16.359" errors="0" timestamp="2021-08-16T10:35:04 IST" skipped="0">
  <testcase classname="testNG.ParaClass2" name="tc_01" time="16.359"/>
  <system-out/>
</testsuite> <!-- testNG.ParaClass2 -->
