<?xml version="1.0" encoding="UTF-8"?>
<!-- Generated by org.testng.reporters.JUnitReportReporter -->
<testsuite hostname="DESKTOP-V2EHNB8" failures="0" tests="3" name="testNG.DataPrividerE" time="0.009" errors="0" timestamp="2021-08-17T10:31:35 IST" skipped="0">
  <testcase classname="testNG.DataPrividerE" name="tc" time="0.001"/>
  <system-out>
    <![CDATA[UserC   C]]>
  </system-out>
  <testcase classname="testNG.DataPrividerE" name="tc" time="0.001"/>
  <system-out>
    <![CDATA[UserB   B]]>
  </system-out>
  <testcase classname="testNG.DataPrividerE" name="tc" time="0.007"/>
  <system-out>
    <![CDATA[UserA   A]]>
  </system-out>
</testsuite> <!-- testNG.DataPrividerE -->
