<?xml version="1.0" encoding="UTF-8"?>
<!-- Generated by org.testng.reporters.JUnitReportReporter -->
<testsuite hostname="DESKTOP-V2EHNB8" failures="0" tests="3" name="testNG.ReadExelTwoString2" time="0.020" errors="0" timestamp="2021-08-17T11:15:55 IST" skipped="0">
  <testcase classname="testNG.ReadExelTwoString2" name="tc" time="0.003"/>
  <system-out>
    <![CDATA[swapnil  jadhav]]>
  </system-out>
  <testcase classname="testNG.ReadExelTwoString2" name="tc" time="0.014"/>
  <system-out>
    <![CDATA[admin  manager]]>
  </system-out>
  <testcase classname="testNG.ReadExelTwoString2" name="tc" time="0.003"/>
  <system-out>
    <![CDATA[manager  head]]>
  </system-out>
</testsuite> <!-- testNG.ReadExelTwoString2 -->
